

###################### Optimization completed ######################


Optimized geometry for methane:
Convergence reached on step: 10
Energy: 0.00005632 kcal/mol
Coordinates:
C 0.017312 1.095803 0.068006
H 0.105683 -0.010560 0.057304
H 1.029905 1.547320 0.120995
H -0.491243 1.435242 -0.858370
H -0.575157 1.411195 0.952065


###################### Optimization completed ######################


Optimized geometry for methane:
Convergence reached on step: 10
Energy: 0.00005632 kcal/mol
Coordinates:
C 0.017312 1.095803 0.068006
H 0.105683 -0.010560 0.057304
H 1.029905 1.547320 0.120995
H -0.491243 1.435242 -0.858370
H -0.575157 1.411195 0.952065
