

###################### Optimization completed ######################


Optimized geometry for ethane_dist:
Convergence reached on step: 19
Energy: -0.18499150 kcal/mol
Coordinates:
C -0.766741 0.015520 0.055996
C 0.764230 0.000095 0.039068
H -1.123953 0.724974 0.831746
H -1.146016 0.334061 -0.937456
H -1.145167 -1.002488 0.285808
H 1.143033 -0.319147 1.032552
H 1.144918 1.017262 -0.191226
H 1.119696 -0.710277 -0.736489


###################### Optimization completed ######################


Optimized geometry for ethane_dist:
Convergence reached on step: 19
Energy: -0.18499150 kcal/mol
Coordinates:
C -0.766741 0.015520 0.055996
C 0.764230 0.000095 0.039068
H -1.123953 0.724974 0.831746
H -1.146016 0.334061 -0.937456
H -1.145167 -1.002488 0.285808
H 1.143033 -0.319147 1.032552
H 1.144918 1.017262 -0.191226
H 1.119696 -0.710277 -0.736489
