Starting debug for file: pinane
Atoms and their coordinates: {'1': [0.9795, 0.2295, 0.0001], '2': [0.0753, -0.4776, 1.0504], '3': [0.0752, -0.4764, -1.0509], '4': [-0.0181, -1.6287, -0.0008], '5': [-1.231, 0.2917, 1.2765], '6': [-1.2312, 0.2931, -1.2761], '7': [-2.0801, 0.2847, 0.0002], '8': [1.0089, 1.7436, 0.0007], '9': [2.4215, -0.2599, 0.0], '10': [0.5705, -0.7413, 1.9907], '11': [0.5703, -0.7392, -1.9915], '12': [0.7968, -2.3588, -0.0013], '13': [-0.9472, -2.2082, -0.0011], '14': [-1.0426, 1.3098, 1.6313], '15': [-1.8053, -0.1952, 2.0744], '16': [-1.8055, -0.1932, -2.0744], '17': [-1.0428, 1.3116, -1.6299], '18': [-2.6915, -0.6277, -0.0002], '19': [-2.7908, 1.1184, 0.0007], '20': [0.0305, 2.2282, 0.001], '21': [1.5382, 2.1205, 0.884], '22': [1.538, 2.1213, -0.8824], '23': [2.9551, 0.1108, -0.8834], '24': [2.955, 0.11, 0.8838], '25': [2.5421, -1.3457, -0.0005]}
Atom types: {'1': 'C', '2': 'C', '3': 'C', '4': 'C', '5': 'C', '6': 'C', '7': 'C', '8': 'C', '9': 'C', '10': 'H', '11': 'H', '12': 'H', '13': 'H', '14': 'H', '15': 'H', '16': 'H', '17': 'H', '18': 'H', '19': 'H', '20': 'H', '21': 'H', '22': 'H', '23': 'H', '24': 'H', '25': 'H'}
Bonds: [[1, 2, 1], [1, 3, 1], [1, 8, 1], [1, 9, 1], [2, 4, 1], [2, 5, 1], [2, 10, 1], [3, 4, 1], [3, 6, 1], [3, 11, 1], [4, 12, 1], [4, 13, 1], [5, 7, 1], [5, 14, 1], [5, 15, 1], [6, 7, 1], [6, 16, 1], [6, 17, 1], [7, 18, 1], [7, 19, 1], [8, 20, 1], [8, 21, 1], [8, 22, 1], [9, 23, 1], [9, 24, 1], [9, 25, 1]]
Bond lengths: ({'1-2': 1.5558592931238995, '1-3': 1.5558452043824924, '1-8': 1.5143855288532047, '1-9': 1.5227857268834641, '2-4': 1.5616581604179578, '2-5': 1.5327633183241307, '2-10': 1.0949542547522246, '3-4': 1.5617971026993231, '3-6': 1.5328164436748453, '3-11': 1.0949503230740654, '4-12': 1.0941244307664462, '4-13': 1.095010114108541, '5-7': 1.5329584143087507, '5-14': 1.0944885609269748, '5-15': 1.0970581160540218, '6-7': 1.5328546767387963, '6-16': 1.0970829822761812, '6-17': 1.0945370025723204, '7-18': 1.0983095556353866, '7-19': 1.0955137744455796, '8-20': 1.091835065383046, '8-21': 1.0965541436700696, '8-22': 1.0965717988348962, '9-23': 1.096605220669681, '9-24': 1.096608726939559, '9-25': 1.092477116465146}, {'1': [0.9795, 0.2295, 0.0001], '2': [0.0753, -0.4776, 1.0504], '3': [0.0752, -0.4764, -1.0509], '4': [-0.0181, -1.6287, -0.0008], '5': [-1.231, 0.2917, 1.2765], '6': [-1.2312, 0.2931, -1.2761], '7': [-2.0801, 0.2847, 0.0002], '8': [1.0089, 1.7436, 0.0007], '9': [2.4215, -0.2599, 0.0], '10': [0.5705, -0.7413, 1.9907], '11': [0.5703, -0.7392, -1.9915], '12': [0.7968, -2.3588, -0.0013], '13': [-0.9472, -2.2082, -0.0011], '14': [-1.0426, 1.3098, 1.6313], '15': [-1.8053, -0.1952, 2.0744], '16': [-1.8055, -0.1932, -2.0744], '17': [-1.0428, 1.3116, -1.6299], '18': [-2.6915, -0.6277, -0.0002], '19': [-2.7908, 1.1184, 0.0007], '20': [0.0305, 2.2282, 0.001], '21': [1.5382, 2.1205, 0.884], '22': [1.538, 2.1213, -0.8824], '23': [2.9551, 0.1108, -0.8834], '24': [2.955, 0.11, 0.8838], '25': [2.5421, -1.3457, -0.0005]})
Angles successfully calculated: [('C2', 'C1', 'C3', 1.4827133950395273), ('C2', 'C1', 'C8', 2.0548883346384827), ('C2', 'C1', 'C9', 1.9870202220253468), ('C3', 'C1', 'C8', 2.054627844061914), ('C3', 'C1', 'C9', 1.9872648308970216), ('C8', 'C1', 'C9', 1.8785726704530914), ('C1', 'C2', 'C4', 1.486043069894159), ('C1', 'C2', 'C5', 1.9463298110024225), ('C1', 'C2', 'H10', 2.011231892880581), ('C4', 'C2', 'C5', 2.002343634868429), ('C4', 'C2', 'H10', 2.0126181146337228), ('C5', 'C2', 'H10', 1.9601972492646618), ('C1', 'C3', 'C4', 1.4859692906990016), ('C1', 'C3', 'C6', 1.9464168098338877), ('C1', 'C3', 'H11', 2.011278522218094), ('C4', 'C3', 'C6', 2.0023240148119137), ('C4', 'C3', 'H11', 2.012540525463002), ('C6', 'C3', 'H11', 1.9602217128175288), ('C1', 'C8', 'H20', 2.0112606536455884), ('C1', 'C8', 'H21', 1.9319335742311647), ('C1', 'C8', 'H22', 1.9320211917940222), ('H20', 'C8', 'H21', 1.8543508651259004), ('H20', 'C8', 'H22', 1.8542996825619755), ('H21', 'C8', 'H22', 1.8727870212736264), ('C1', 'C9', 'H23', 1.9307055053873594), ('C1', 'C9', 'H24', 1.930749474796541), ('C1', 'C9', 'H25', 2.008604475565944), ('H23', 'C9', 'H24', 1.8739092338848486), ('H23', 'C9', 'H25', 1.8565627446971555), ('H24', 'C9', 'H25', 1.8565853125526537), ('C2', 'C4', 'C3', 1.4758351893794102), ('C2', 'C4', 'H12', 2.0349028626845698), ('C2', 'C4', 'H13', 2.0275296565239618), ('C3', 'C4', 'H12', 2.0347974446855286), ('C3', 'C4', 'H13', 2.027467764940144), ('H12', 'C4', 'H13', 1.8533463422039516), ('C2', 'C5', 'C7', 1.9251168312806513), ('C2', 'C5', 'H14', 1.947643144513236), ('C2', 'C5', 'H15', 1.907815698717401), ('C7', 'C5', 'H14', 1.9492539118826817), ('C7', 'C5', 'H15', 1.8897270695707966), ('H14', 'C5', 'H15', 1.841269018160322), ('C3', 'C6', 'C7', 1.925080760994763), ('C3', 'C6', 'H16', 1.9076656382550596), ('C3', 'C6', 'H17', 1.9475786190182236), ('C7', 'C6', 'H16', 1.8897098437696176), ('C7', 'C6', 'H17', 1.9493368075471686), ('H16', 'C6', 'H17', 1.8414579097518893), ('C5', 'C7', 'C6', 1.967576109969448), ('C5', 'C7', 'H18', 1.8885527610315984), ('C5', 'C7', 'H19', 1.9342215696821083), ('C6', 'C7', 'H18', 1.888658834949644), ('C6', 'C7', 'H19', 1.9342262706909579), ('H18', 'C7', 'H19', 1.8452931066325062)]
Angle between atoms C2-C1-C3: 1.48 degrees
Angle between atoms C2-C1-C8: 2.05 degrees
Angle between atoms C2-C1-C9: 1.99 degrees
Angle between atoms C3-C1-C8: 2.05 degrees
Angle between atoms C3-C1-C9: 1.99 degrees
Angle between atoms C8-C1-C9: 1.88 degrees
Angle between atoms C1-C2-C4: 1.49 degrees
Angle between atoms C1-C2-C5: 1.95 degrees
Angle between atoms C1-C2-H10: 2.01 degrees
Angle between atoms C4-C2-C5: 2.00 degrees
Angle between atoms C4-C2-H10: 2.01 degrees
Angle between atoms C5-C2-H10: 1.96 degrees
Angle between atoms C1-C3-C4: 1.49 degrees
Angle between atoms C1-C3-C6: 1.95 degrees
Angle between atoms C1-C3-H11: 2.01 degrees
Angle between atoms C4-C3-C6: 2.00 degrees
Angle between atoms C4-C3-H11: 2.01 degrees
Angle between atoms C6-C3-H11: 1.96 degrees
Angle between atoms C1-C8-H20: 2.01 degrees
Angle between atoms C1-C8-H21: 1.93 degrees
Angle between atoms C1-C8-H22: 1.93 degrees
Angle between atoms H20-C8-H21: 1.85 degrees
Angle between atoms H20-C8-H22: 1.85 degrees
Angle between atoms H21-C8-H22: 1.87 degrees
Angle between atoms C1-C9-H23: 1.93 degrees
Angle between atoms C1-C9-H24: 1.93 degrees
Angle between atoms C1-C9-H25: 2.01 degrees
Angle between atoms H23-C9-H24: 1.87 degrees
Angle between atoms H23-C9-H25: 1.86 degrees
Angle between atoms H24-C9-H25: 1.86 degrees
Angle between atoms C2-C4-C3: 1.48 degrees
Angle between atoms C2-C4-H12: 2.03 degrees
Angle between atoms C2-C4-H13: 2.03 degrees
Angle between atoms C3-C4-H12: 2.03 degrees
Angle between atoms C3-C4-H13: 2.03 degrees
Angle between atoms H12-C4-H13: 1.85 degrees
Angle between atoms C2-C5-C7: 1.93 degrees
Angle between atoms C2-C5-H14: 1.95 degrees
Angle between atoms C2-C5-H15: 1.91 degrees
Angle between atoms C7-C5-H14: 1.95 degrees
Angle between atoms C7-C5-H15: 1.89 degrees
Angle between atoms H14-C5-H15: 1.84 degrees
Angle between atoms C3-C6-C7: 1.93 degrees
Angle between atoms C3-C6-H16: 1.91 degrees
Angle between atoms C3-C6-H17: 1.95 degrees
Angle between atoms C7-C6-H16: 1.89 degrees
Angle between atoms C7-C6-H17: 1.95 degrees
Angle between atoms H16-C6-H17: 1.84 degrees
Angle between atoms C5-C7-C6: 1.97 degrees
Angle between atoms C5-C7-H18: 1.89 degrees
Angle between atoms C5-C7-H19: 1.93 degrees
Angle between atoms C6-C7-H18: 1.89 degrees
Angle between atoms C6-C7-H19: 1.93 degrees
Angle between atoms H18-C7-H19: 1.85 degrees
Torsional atoms before eliminating duplicates:
('C1', 'C2', 'C4', 'C3'): -32.99456051843958
('C1', 'C2', 'C4', 'H12'): 84.07390853125125
('C1', 'C2', 'C4', 'H13'): -149.5296059897819
('C1', 'C2', 'C5', 'C7'): 65.24838200863749
('C1', 'C2', 'C5', 'H14'): -59.50845474200034
('C1', 'C2', 'C5', 'H15'): -175.81340024597145
('C1', 'C3', 'C4', 'C2'): 32.99513066464835
('C1', 'C3', 'C4', 'H12'): -84.0792532552937
('C1', 'C3', 'C4', 'H13'): 149.5336652044062
('C1', 'C3', 'C6', 'C7'): -65.2450862098994
('C1', 'C3', 'C6', 'H16'): 175.82445474269926
('C1', 'C3', 'C6', 'H17'): 59.51370460877084
('C2', 'C1', 'C3', 'C4'): -33.110295434757106
('C2', 'C1', 'C3', 'C6'): 81.57893828198227
('C2', 'C1', 'C3', 'H11'): -148.84824596480357
('C2', 'C1', 'C8', 'H20'): -49.71425361845788
('C2', 'C1', 'C8', 'H21'): 70.85941570088578
('C2', 'C1', 'C8', 'H22'): -170.28792710022967
('C2', 'C1', 'C9', 'H23'): 168.17007729409963
('C2', 'C1', 'C9', 'H24'): -72.98862924316029
('C2', 'C1', 'C9', 'H25'): 47.59253903054881
('C2', 'C4', 'C3', 'C1'): 32.99513066464835
('C2', 'C4', 'C3', 'C6'): -78.48489606795282
('C2', 'C4', 'C3', 'H11'): 148.66215278737292
('C2', 'C5', 'C7', 'C6'): -32.91889376711009
('C2', 'C5', 'C7', 'H18'): 86.7199622210653
('C2', 'C5', 'C7', 'H19'): -157.78870260666815
('C3', 'C1', 'C2', 'C4'): 33.113385588966906
('C3', 'C1', 'C2', 'C5'): -81.57829252172444
('C3', 'C1', 'C2', 'H10'): 148.8579697808225
('C3', 'C1', 'C8', 'H20'): 49.72714820275864
('C3', 'C1', 'C8', 'H21'): 170.30081752210236
('C3', 'C1', 'C8', 'H22'): -70.84652527901308
('C3', 'C1', 'C9', 'H23'): 72.9853024410434
('C3', 'C1', 'C9', 'H24'): -168.1734040962166
('C3', 'C1', 'C9', 'H25'): -47.59223582250751
('C3', 'C4', 'C2', 'C1'): -32.99456051843958
('C3', 'C4', 'C2', 'C5'): 78.48201167582388
('C3', 'C4', 'C2', 'H10'): -148.66124267134953
('C3', 'C6', 'C7', 'C5'): 32.91488513869892
('C3', 'C6', 'C7', 'H18'): -86.72045677351733
('C3', 'C6', 'C7', 'H19'): 157.7845469703679
('C8', 'C1', 'C2', 'C4'): 151.87534714080184
('C8', 'C1', 'C2', 'C5'): 37.18366903011049
('C8', 'C1', 'C2', 'H10'): -92.38006866734258
('C8', 'C1', 'C3', 'C4'): -151.8865460223741
('C8', 'C1', 'C3', 'C6'): -37.19731230563464
('C8', 'C1', 'C3', 'H11'): 92.37550344757955
('C8', 'C1', 'C9', 'H23'): -59.41789319501731
('C8', 'C1', 'C9', 'H24'): 59.42340026772272
('C8', 'C1', 'C9', 'H25'): -179.99543145857393
('C9', 'C1', 'C2', 'C4'): -80.7764121464456
('C9', 'C1', 'C2', 'C5'): 164.531909742863
('C9', 'C1', 'C2', 'H10'): 34.968172045409986
('C9', 'C1', 'C3', 'C4'): 80.7655056883365
('C9', 'C1', 'C3', 'C6'): -164.5452605949241
('C9', 'C1', 'C3', 'H11'): -34.9724448417099
('C9', 'C1', 'C8', 'H20'): -179.99002782215825
('C9', 'C1', 'C8', 'H21'): -59.416358502766556
('C9', 'C1', 'C8', 'H22'): 59.43629869611804
('C4', 'C2', 'C1', 'C3'): 33.113385588966906
('C4', 'C2', 'C1', 'C8'): 151.87534714080184
('C4', 'C2', 'C1', 'C9'): -80.7764121464456
('C4', 'C2', 'C5', 'C7'): -29.41891763469243
('C4', 'C2', 'C5', 'H14'): -154.17575438533026
('C4', 'C2', 'C5', 'H15'): 89.51930011069864
('C4', 'C3', 'C1', 'C2'): -33.110295434757106
('C4', 'C3', 'C1', 'C8'): -151.8865460223741
('C4', 'C3', 'C1', 'C9'): 80.7655056883365
('C4', 'C3', 'C6', 'C7'): 29.41918867277359
('C4', 'C3', 'C6', 'H16'): -89.51127037462777
('C4', 'C3', 'C6', 'H17'): 154.17797949144384
('C5', 'C2', 'C1', 'C3'): -81.57829252172444
('C5', 'C2', 'C1', 'C8'): 37.18366903011049
('C5', 'C2', 'C1', 'C9'): 164.531909742863
('C5', 'C2', 'C4', 'C3'): 78.48201167582388
('C5', 'C2', 'C4', 'H12'): -164.44951927448534
('C5', 'C2', 'C4', 'H13'): -38.05303379551848
('C5', 'C7', 'C6', 'C3'): 32.91488513869892
('C5', 'C7', 'C6', 'H16'): 152.47044034718888
('C5', 'C7', 'C6', 'H17'): -91.78625673375055
('H10', 'C2', 'C1', 'C3'): 148.8579697808225
('H10', 'C2', 'C1', 'C8'): -92.38006866734258
('H10', 'C2', 'C1', 'C9'): 34.968172045409986
('H10', 'C2', 'C4', 'C3'): -148.66124267134953
('H10', 'C2', 'C4', 'H12'): -31.592773621658697
('H10', 'C2', 'C4', 'H13'): 94.80371185730812
('H10', 'C2', 'C5', 'C7'): -163.67006695565775
('H10', 'C2', 'C5', 'H14'): 71.5730962937045
('H10', 'C2', 'C5', 'H15'): -44.731849210266596
('C6', 'C3', 'C1', 'C2'): 81.57893828198227
('C6', 'C3', 'C1', 'C8'): -37.19731230563464
('C6', 'C3', 'C1', 'C9'): -164.5452605949241
('C6', 'C3', 'C4', 'C2'): -78.48489606795282
('C6', 'C3', 'C4', 'H12'): 164.44072001210517
('C6', 'C3', 'C4', 'H13'): 38.05363847180502
('C6', 'C7', 'C5', 'C2'): -32.91889376711009
('C6', 'C7', 'C5', 'H14'): 91.78513013496263
('C6', 'C7', 'C5', 'H15'): -152.48674642022206
('H11', 'C3', 'C1', 'C2'): -148.84824596480357
('H11', 'C3', 'C1', 'C8'): 92.37550344757955
('H11', 'C3', 'C1', 'C9'): -34.9724448417099
('H11', 'C3', 'C4', 'C2'): 148.66215278737292
('H11', 'C3', 'C4', 'H12'): 31.587768867430864
('H11', 'C3', 'C4', 'H13'): -94.79931267286925
('H11', 'C3', 'C6', 'C7'): 163.66397484555026
('H11', 'C3', 'C6', 'H16'): 44.733515798148886
('H11', 'C3', 'C6', 'H17'): -71.57723433577955
('H12', 'C4', 'C2', 'C1'): 84.07390853125125
('H12', 'C4', 'C2', 'C5'): -164.44951927448534
('H12', 'C4', 'C2', 'H10'): -31.592773621658697
('H12', 'C4', 'C3', 'C1'): -84.0792532552937
('H12', 'C4', 'C3', 'C6'): 164.44072001210517
('H12', 'C4', 'C3', 'H11'): 31.587768867430864
('H13', 'C4', 'C2', 'C1'): -149.5296059897819
('H13', 'C4', 'C2', 'C5'): -38.05303379551848
('H13', 'C4', 'C2', 'H10'): 94.80371185730812
('H13', 'C4', 'C3', 'C1'): 149.5336652044062
('H13', 'C4', 'C3', 'C6'): 38.05363847180502
('H13', 'C4', 'C3', 'H11'): -94.79931267286925
('C7', 'C5', 'C2', 'C1'): 65.24838200863749
('C7', 'C5', 'C2', 'C4'): -29.41891763469243
('C7', 'C5', 'C2', 'H10'): -163.67006695565775
('C7', 'C6', 'C3', 'C1'): -65.2450862098994
('C7', 'C6', 'C3', 'C4'): 29.41918867277359
('C7', 'C6', 'C3', 'H11'): 163.66397484555026
('H14', 'C5', 'C2', 'C1'): -59.50845474200034
('H14', 'C5', 'C2', 'C4'): -154.17575438533026
('H14', 'C5', 'C2', 'H10'): 71.5730962937045
('H14', 'C5', 'C7', 'C6'): 91.78513013496263
('H14', 'C5', 'C7', 'H18'): -148.576013876862
('H14', 'C5', 'C7', 'H19'): -33.084678704595426
('H15', 'C5', 'C2', 'C1'): -175.81340024597145
('H15', 'C5', 'C2', 'C4'): 89.51930011069864
('H15', 'C5', 'C2', 'H10'): -44.731849210266596
('H15', 'C5', 'C7', 'C6'): -152.48674642022206
('H15', 'C5', 'C7', 'H18'): -32.8478904320467
('H15', 'C5', 'C7', 'H19'): 82.64344474021988
('H16', 'C6', 'C3', 'C1'): 175.82445474269926
('H16', 'C6', 'C3', 'C4'): -89.51127037462777
('H16', 'C6', 'C3', 'H11'): 44.733515798148886
('H16', 'C6', 'C7', 'C5'): 152.47044034718888
('H16', 'C6', 'C7', 'H18'): 32.83509843497263
('H16', 'C6', 'C7', 'H19'): -82.6598978211422
('H17', 'C6', 'C3', 'C1'): 59.51370460877084
('H17', 'C6', 'C3', 'C4'): 154.17797949144384
('H17', 'C6', 'C3', 'H11'): -71.57723433577955
('H17', 'C6', 'C7', 'C5'): -91.78625673375055
('H17', 'C6', 'C7', 'H18'): 148.5784013540332
('H17', 'C6', 'C7', 'H19'): 33.083405097918394
('H18', 'C7', 'C5', 'C2'): 86.7199622210653
('H18', 'C7', 'C5', 'H14'): -148.576013876862
('H18', 'C7', 'C5', 'H15'): -32.8478904320467
('H18', 'C7', 'C6', 'C3'): -86.72045677351733
('H18', 'C7', 'C6', 'H16'): 32.83509843497263
('H18', 'C7', 'C6', 'H17'): 148.5784013540332
('H19', 'C7', 'C5', 'C2'): -157.78870260666815
('H19', 'C7', 'C5', 'H14'): -33.084678704595426
('H19', 'C7', 'C5', 'H15'): 82.64344474021988
('H19', 'C7', 'C6', 'C3'): 157.7845469703679
('H19', 'C7', 'C6', 'H16'): -82.6598978211422
('H19', 'C7', 'C6', 'H17'): 33.083405097918394
('H20', 'C8', 'C1', 'C2'): -49.71425361845788
('H20', 'C8', 'C1', 'C3'): 49.72714820275864
('H20', 'C8', 'C1', 'C9'): -179.99002782215825
('H21', 'C8', 'C1', 'C2'): 70.85941570088578
('H21', 'C8', 'C1', 'C3'): 170.30081752210236
('H21', 'C8', 'C1', 'C9'): -59.416358502766556
('H22', 'C8', 'C1', 'C2'): -170.28792710022967
('H22', 'C8', 'C1', 'C3'): -70.84652527901308
('H22', 'C8', 'C1', 'C9'): 59.43629869611804
('H23', 'C9', 'C1', 'C2'): 168.17007729409963
('H23', 'C9', 'C1', 'C3'): 72.9853024410434
('H23', 'C9', 'C1', 'C8'): -59.41789319501731
('H24', 'C9', 'C1', 'C2'): -72.98862924316029
('H24', 'C9', 'C1', 'C3'): -168.1734040962166
('H24', 'C9', 'C1', 'C8'): 59.42340026772272
('H25', 'C9', 'C1', 'C2'): 47.59253903054881
('H25', 'C9', 'C1', 'C3'): -47.59223582250751
('H25', 'C9', 'C1', 'C8'): -179.99543145857393
Bond stretching energies: ({'CC': 0.002444753784907313, 'CH': 0.10746800658162262}, 2.309952416391934)
Angle bending energies: ({'CCC': 0.19113233771281485, 'CCH': 0.0186613791886623, 'HCH': 0.15173286932546434}, 54.458830607270016)
Torsion energies: ({29.41918867277359: 0.30912195678096377, 31.587768867430864: 0.275088104502707, 32.99513066464835: 0.2531452076671838, 33.113385588966906: 0.2513113689750511, 32.91488513869892: 0.25439064282387486, 34.968172045409986: 0.22283731094505968, 32.83509843497263: 0.25562975524665865, 37.18366903011049: 0.18980118663868772, 38.05363847180502: 0.17720978054970163, 33.083405097918394: 0.2517761177024035, 44.733515798148886: 0.090848414379393, 47.59253903054881: 0.061111899806134934, 49.72714820275864: 0.04236179236931476, 59.51370460877084: 9.724456700771489e-05, 59.42340026772272: 0.0001367112923453817, 59.43629869611804: 0.00013066373072589954, 65.24838200863749: 0.011256531346325038, 70.85941570088578: 0.04720293425095318, 71.5730962937045: 0.05341429681784161, 72.9853024410434: 0.06671099022341208, 78.48201167582388: 0.12984533928424744, 80.7655056883365: 0.16053123996648985, 81.57893828198227: 0.17196694027269646, 82.64344474021988: 0.18727989704877288, 84.07390853125125: 0.20839972452608826, 86.7199622210653: 0.24873019466305038, 89.51930011069864: 0.29244998100859715, 91.78513013496263: 0.3279999467834863, 92.37550344757955: 0.3372181824909811, 94.80371185730812: 0.374663438676938, 148.66215278737292: 0.32099767267002133, 149.5336652044062: 0.307324441982207, 148.8579697808225: 0.3179282801290499, 151.87534714080184: 0.2705894312881087, 152.47044034718888: 0.26130253865347697, 148.5784013540332: 0.3223098046342657, 154.17797949144384: 0.23489463801737714, 157.7845469703679: 0.1810784435253259, 163.66397484555026: 0.10321420466336294, 164.531909742863: 0.09313033117287026, 164.44072001210517: 0.09417006627305799, 168.17007729409963: 0.05573423780148185, 170.30081752210236: 0.03786208800161337, 175.82445474269926: 0.0071414151706831845, -179.99543145857393: 8.583089405878042e-09, -179.99002782215825: 4.089484098024343e-08, -175.81340024597145: 0.00717912639199304, -170.28792710022967: 0.03796061442202124, -168.1734040962166: 0.05570390314522868, -164.5452605949241: 0.09297850147086387, -163.67006695565775: 0.10314198416519064, -164.44951927448534: 0.09406953314073119, -157.78870260666815: 0.18101851749919745, -154.17575438533026: 0.23492875735801733, -152.48674642022206: 0.2610485574239964, -151.8865460223741: 0.2704143721098763, -149.5296059897819: 0.3073881848039611, -148.84824596480357: 0.318080746151792, -148.66124267134953: 0.3210119336546409, -148.576013876862: 0.322347203019937, -94.79931267286925: 0.37459650878401557, -92.38006866734258: 0.33728933774361414, -91.78625673375055: 0.3280175660604348, -89.51127037462777: 0.2923238908300533, -86.72045677351733: 0.24873784880693475, -84.0792532552937: 0.2084796736028101, -82.6598978211422: 0.1875194464190271, -81.57829252172444: 0.17195776693017426, -80.7764121464456: 0.16068294193875932, -78.48489606795282: 0.12988265648529462, -72.98862924316029: 0.06674384907499854, -71.57723433577955: 0.05345132388429883, -70.84652527901308: 0.047093965076995876, -65.2450862098994: 0.011242487317384852, -59.50845474200034: 9.935541730843322e-05, -59.41789319501731: 0.0001393350043409791, -59.416358502766556: 0.0001400706135791019, -49.71425361845788: 0.04246562050314695, -47.59223582250751: 0.06111478089108991, -44.731849210266596: 0.09086718278992922, -38.05303379551848: 0.17721844679452103, -37.19731230563464: 0.1896018887817246, -34.9724448417099: 0.22277245404408438, -33.110295434757106: 0.2513592661075242, -32.99456051843958: 0.2531540536194753, -32.91889376711009: 0.25432840839317755, -31.592773621658697: 0.27500976237866187, -29.41891763469243: 0.30912621226768333, -33.084678704595426: 0.2517563722024867, -32.8478904320467: 0.25543103885059604}, 15.720220885169503)
VDW energies: 16.962309022702836
Total energy: 89.45131293153429
Bond stretching gradient: ({'C1': array([2.23109761e+01, 2.20629434e+01, 4.79286550e-03]), 'C2': array([-1.70475027,  3.58110987, 32.05988644]), 'C3': array([ -1.66972734,   3.6635024 , -32.10436905]), 'C4': array([-2.90200607e+00, -4.10457700e+01,  3.35829773e-02]), 'C5': array([-3.30325887,  6.91970591, 11.83118906]), 'C6': array([ -3.36182015,   6.9219049 , -11.75261625]), 'C7': array([-13.06560663,   0.90131881,  -0.05007716]), 'C8': array([-2.49770408,  2.7493911 ,  0.01157336]), 'C9': array([ 6.37799131e+00, -4.46837315e+00, -3.91171797e-03]), 'H10': array([-4.76317354,  2.53644762, -9.04445089]), 'H11': array([-4.76347321,  2.52846043,  9.04973319]), 'H12': array([-8.27684741e+00,  7.41554337e+00,  5.07844362e-03]), 'H13': array([8.90308862e+00, 5.55305119e+00, 2.87474608e-03]), 'H14': array([ -1.86904519, -10.10018531,  -3.5198367 ]), 'H15': array([ 4.74247142,  4.02073713, -6.58892208]), 'H16': array([4.73325207, 4.00797576, 6.57940994]), 'H17': array([ -1.86312577, -10.07215287,   3.49879989]), 'H18': array([4.55543371e+00, 6.79813170e+00, 2.98032955e-03]), 'H19': array([ 6.57842240e+00, -7.71694210e+00, -4.62812889e-03]), 'H20': array([ 1.13943954e+01, -5.64362633e+00, -3.49378435e-03]), 'H21': array([-4.54316301, -3.23506167, -7.58166615]), 'H22': array([-4.53541015, -3.23761938,  7.5698747 ]), 'H23': array([-4.56246047, -3.16961038,  7.55336878]), 'H24': array([-4.5603968 , -3.1619321 , -7.55478667]), 'H25': array([-1.35406207e+00,  1.21910497e+01,  5.61385602e-03])}, {'drC1-C2/dC1': array([ 0.58115795,  0.45447554, -0.67506104]), 'drC1-C2/dC2': array([-0.58115795, -0.45447554,  0.67506104]), 'drC1-C3/dC1': array([0.58122749, 0.45370838, 0.67551707]), 'drC1-C3/dC3': array([-0.58122749, -0.45370838, -0.67551707]), 'drC1-C8/dC1': array([-1.94138147e-02, -9.99811456e-01, -3.96200299e-04]), 'drC1-C8/dC8': array([1.94138147e-02, 9.99811456e-01, 3.96200299e-04]), 'drC1-C9/dC1': array([-9.46948723e-01,  3.21384678e-01,  6.56691209e-05]), 'drC1-C9/dC9': array([ 9.46948723e-01, -3.21384678e-01, -6.56691209e-05]), 'drC2-C4/dC2': array([0.05980822, 0.73710113, 0.67313067]), 'drC2-C4/dC4': array([-0.05980822, -0.73710113, -0.67313067]), 'drC2-C5/dC2': array([ 0.85225161, -0.50190397, -0.14751136]), 'drC2-C5/dC5': array([-0.85225161,  0.50190397,  0.14751136]), 'drC2-H10/dC2': array([-0.45225634,  0.24083198, -0.85875734]), 'drC2-H10/dH10': array([ 0.45225634, -0.24083198,  0.85875734]), 'drC3-C4/dC3': array([ 0.05973887,  0.7378039 , -0.67236647]), 'drC3-C4/dC4': array([-0.05973887, -0.7378039 ,  0.67236647]), 'drC3-C6/dC3': array([ 0.85228731, -0.50201706,  0.14691909]), 'drC3-C6/dC6': array([-0.85228731,  0.50201706, -0.14691909]), 'drC3-H11/dC3': array([-0.45216663,  0.24001089,  0.85903441]), 'drC3-H11/dH11': array([ 0.45216663, -0.24001089, -0.85903441]), 'drC4-H12/dC4': array([-7.44796457e-01,  6.67291562e-01,  4.56986414e-04]), 'drC4-H12/dH12': array([ 7.44796457e-01, -6.67291562e-01, -4.56986414e-04]), 'drC4-H13/dC4': array([8.48485314e-01, 5.29218856e-01, 2.73970072e-04]), 'drC4-H13/dH13': array([-8.48485314e-01, -5.29218856e-01, -2.73970072e-04]), 'drC5-C7/dC5': array([0.5538963 , 0.00456633, 0.83257314]), 'drC5-C7/dC7': array([-0.5538963 , -0.00456633, -0.83257314]), 'drC5-H14/dC5': array([-0.17213519, -0.93020616, -0.32416967]), 'drC5-H14/dH14': array([0.17213519, 0.93020616, 0.32416967]), 'drC5-H15/dC5': array([ 0.52349095,  0.44382334, -0.72730878]), 'drC5-H15/dH15': array([-0.52349095, -0.44382334,  0.72730878]), 'drC6-C7/dC6': array([ 0.55380331,  0.00547997, -0.83262948]), 'drC6-C7/dC7': array([-0.55380331, -0.00547997,  0.83262948]), 'drC6-H16/dC6': array([0.52347909, 0.44326638, 0.7276569 ]), 'drC6-H16/dH16': array([-0.52347909, -0.44326638, -0.7276569 ]), 'drC6-H17/dC6': array([-0.17212757, -0.93053044,  0.3232417 ]), 'drC6-H17/dH17': array([ 0.17212757,  0.93053044, -0.3232417 ]), 'drC7-H18/dC7': array([5.56673660e-01, 8.30731186e-01, 3.64196048e-04]), 'drC7-H18/dH18': array([-5.56673660e-01, -8.30731186e-01, -3.64196048e-04]), 'drC7-H19/dC7': array([ 6.48736708e-01, -7.61012796e-01, -4.56406858e-04]), 'drC7-H19/dH19': array([-6.48736708e-01,  7.61012796e-01,  4.56406858e-04]), 'drC8-H20/dC8': array([ 8.96106043e-01, -4.43839931e-01, -2.74766775e-04]), 'drC8-H20/dH20': array([-8.96106043e-01,  4.43839931e-01,  2.74766775e-04]), 'drC8-H21/dC8': array([-0.4826939 , -0.34371308, -0.80552338]), 'drC8-H21/dH21': array([0.4826939 , 0.34371308, 0.80552338]), 'drC8-H22/dC8': array([-0.48250375, -0.34443709,  0.80532802]), 'drC8-H22/dH22': array([ 0.48250375,  0.34443709, -0.80532802]), 'drC9-H23/dC9': array([-0.48659261, -0.33804326,  0.80557705]), 'drC9-H23/dH23': array([ 0.48659261,  0.33804326, -0.80557705]), 'drC9-H24/dC9': array([-0.48649987, -0.33731265, -0.80593924]), 'drC9-H24/dH24': array([0.48649987, 0.33731265, 0.80593924]), 'drC9-H25/dC9': array([-1.10391328e-01,  9.93888095e-01,  4.57675490e-04]), 'drC9-H25/dH25': array([ 1.10391328e-01, -9.93888095e-01, -4.57675490e-04])})
Angle bending gradient: ({'C1': array([ 1.16786211e+01, -2.02087453e+01, -4.42373896e-03]), 'C2': array([-34.46652131,   8.59348908, -20.02133743]), 'C3': array([-34.48532635,   8.6135034 ,  20.02341544]), 'C4': array([4.63206425e+01, 7.07481721e+00, 1.36924732e-02]), 'C5': array([ 4.57408896,  1.4081947 , -2.05441826]), 'C6': array([4.55380945, 1.4315166 , 2.04464414]), 'C7': array([ 1.08755497e+01,  2.39113567e+00, -6.11938460e-03]), 'C8': array([ 12.00526263, -18.43748857,  -0.0244726 ]), 'C9': array([-14.7199843 ,  11.11454527,   0.02230651]), 'H10': array([-4.12657259,  2.14879921,  2.77583441]), 'H11': array([-4.12746607,  2.14605682, -2.77215839]), 'H12': array([-9.42633065e+00, -1.05211777e+01, -1.00766110e-02]), 'H13': array([ 7.16664250e+00, -1.14901203e+01, -9.51807239e-03]), 'H14': array([-3.22700838, -1.39451636,  5.71512256]), 'H15': array([-0.73123418,  3.40233708,  1.54988111]), 'H16': array([-0.72583862,  3.38635543, -1.54069338]), 'H17': array([-3.21417161, -1.38895396, -5.71000436]), 'H18': array([-2.33758225,  1.56641274,  0.00701182]), 'H19': array([-4.22205623e+00, -3.59915409e+00, -1.20439064e-03]), 'H20': array([4.60876701e+00, 9.30502985e+00, 5.97345607e-04]), 'H21': array([-1.48277065,  4.43074528, -1.0020575 ]), 'H22': array([-1.48611335,  4.43676657,  1.00720662]), 'H23': array([ 3.50693238, -2.75943783,  0.96035263]), 'H24': array([ 3.50902067, -2.75855122, -0.96365064]), 'H25': array([9.97963959e+00, 1.10844032e+00, 6.97086646e-05])}, {'dC2-C1-C3/dC2': array([0.34204035, 0.26695137, 0.4741828 ]), 'dC2-C1-C3/dC1': array([-6.84034987e-01, -5.34443703e-01, -2.64069155e-04]), 'dC2-C1-C3/dC3': array([ 0.34199464,  0.26749234, -0.47391873]), 'dC2-C1-C8/dC2': array([ 0.18231222, -0.57243723, -0.22843345]), 'dC2-C1-C8/dC1': array([-0.60914857,  0.58052568,  0.7322053 ]), 'dC2-C1-C8/dC8': array([ 0.42683635, -0.00808845, -0.50377185]), 'dC2-C1-C9/dC2': array([-0.50032976,  0.35497204, -0.1917523 ]), 'dC2-C1-C9/dC1': array([ 0.35795382, -0.77457683,  0.67642153]), 'dC2-C1-C9/dC9': array([ 0.14237595,  0.41960479, -0.48466922]), 'dC3-C1-C8/dC3': array([ 0.1822151 , -0.57269923,  0.2278699 ]), 'dC3-C1-C8/dC1': array([-0.60904822,  0.58118688, -0.73163793]), 'dC3-C1-C8/dC8': array([ 0.42683312, -0.00848765,  0.50376802]), 'dC3-C1-C9/dC3': array([-0.50027727,  0.35486699,  0.19210288]), 'dC3-C1-C9/dC1': array([ 0.35798811, -0.77401792, -0.67719013]), 'dC3-C1-C9/dC9': array([0.14228916, 0.41915092, 0.48508725]), 'dC8-C1-C9/dC8': array([-6.60209381e-01,  1.28196145e-02, -3.76628228e-05]), 'dC8-C1-C9/dC1': array([8.71259873e-01, 6.09033235e-01, 2.96964690e-04]), 'dC8-C1-C9/dC9': array([-2.11050493e-01, -6.21852849e-01, -2.59301867e-04]), 'dC1-C2-C4/dC1': array([0.0703129 , 0.50028123, 0.3973396 ]), 'dC1-C2-C4/dC2': array([ 0.30642294, -0.16811221, -0.79454934]), 'dC1-C2-C4/dC4': array([-0.37673584, -0.33216901,  0.39720974]), 'dC1-C2-C5/dC1': array([ 0.44154043, -0.46191477,  0.06914304]), 'dC1-C2-C5/dC2': array([-0.25318957,  0.90972787, -0.50461359]), 'dC1-C2-C5/dC5': array([-0.18835086, -0.4478131 ,  0.43547055]), 'dC1-C2-H10/dC1': array([-0.49739565,  0.0334479 , -0.40568802]), 'dC1-C2-H10/dC2': array([1.27882164, 0.32174196, 0.0937678 ]), 'dC1-C2-H10/dH10': array([-0.781426  , -0.35518987,  0.31192022]), 'dC4-C2-C5/dC4': array([ 0.61845429, -0.13647782,  0.0944977 ]), 'dC4-C2-C5/dC2': array([-0.91745845, -0.24216864, -0.53366805]), 'dC4-C2-C5/dC5': array([0.29900416, 0.37864646, 0.43917035]), 'dC4-C2-H10/dC4': array([-0.30224801,  0.39385661, -0.40443149]), 'dC4-C2-H10/dC2': array([ 0.43719377, -1.24258257,  0.09534484]), 'dC4-C2-H10/dH10': array([-0.13494576,  0.84872595,  0.30908665]), 'dC5-C2-H10/dC5': array([-0.09076941,  0.03546649, -0.6450971 ]), 'dC5-C2-H10/dC2': array([-0.58106819,  0.36974878,  1.11255349]), 'dC5-C2-H10/dH10': array([ 0.6718376 , -0.40521527, -0.46745639]), 'dC1-C3-C4/dC1': array([ 0.0703006 ,  0.50072185, -0.3967958 ]), 'dC1-C3-C4/dC3': array([ 0.30644782, -0.1690002 ,  0.79427554]), 'dC1-C3-C4/dC4': array([-0.37674842, -0.33172165, -0.39747975]), 'dC1-C3-C6/dC1': array([ 0.44153412, -0.46184389, -0.06970857]), 'dC1-C3-C6/dC3': array([-0.25319212,  0.90917641,  0.50564277]), 'dC1-C3-C6/dC6': array([-0.188342  , -0.44733252, -0.4359342 ]), 'dC1-C3-H11/dC1': array([-0.49738583,  0.03308431,  0.4057391 ]), 'dC1-C3-H11/dC3': array([ 1.27888266,  0.32168328, -0.09350631]), 'dC1-C3-H11/dH11': array([-0.78149683, -0.35476759, -0.31223279]), 'dC4-C3-C6/dC4': array([ 0.61839766, -0.13634622, -0.09467217]), 'dC4-C3-C6/dC3': array([-0.91733876, -0.2427609 ,  0.53345426]), 'dC4-C3-C6/dC6': array([ 0.2989411 ,  0.37910712, -0.43878209]), 'dC4-C3-H11/dC4': array([-0.30217047,  0.39340174,  0.40484175]), 'dC4-C3-H11/dC3': array([ 0.43711103, -1.24243788, -0.0965962 ]), 'dC4-C3-H11/dH11': array([-0.13494057,  0.84903614, -0.30824556]), 'dC6-C3-H11/dC6': array([-0.09068076,  0.03484831,  0.64512039]), 'dC6-C3-H11/dC3': array([-0.58122476,  0.37078649, -1.1121215 ]), 'dC6-C3-H11/dH11': array([ 0.67190552, -0.40563479,  0.46700111]), 'dC1-C8-H20/dC1': array([ 6.60209378e-01, -1.28195690e-02, -7.72665135e-05]), 'dC1-C8-H20/dC8': array([-1.06671767e+00, -8.07914281e-01, -2.05281295e-04]), 'dC1-C8-H20/dH20': array([4.06508287e-01, 8.20733850e-01, 2.82547809e-04]), 'dC1-C8-H21/dC1': array([-0.33587487,  0.00674712, -0.56849215]), 'dC1-C8-H21/dC8': array([ 0.48321087, -0.86300172,  0.84556382]), 'dC1-C8-H21/dH21': array([-0.14733601,  0.8562546 , -0.27707168]), 'dC1-C8-H22/dC1': array([-0.33575063,  0.00629412,  0.56857072]), 'dC1-C8-H22/dC8': array([ 0.48306219, -0.86228637, -0.84641664]), 'dC1-C8-H22/dH22': array([-0.14731156,  0.85599225,  0.27784591]), 'dH20-C8-H21/dH20': array([-0.2213152 , -0.44635624, -0.76853029]), 'dH20-C8-H21/dC8': array([-0.50160245,  0.95929149,  0.98285727]), 'dH20-C8-H21/dH21': array([ 0.72291765, -0.51293525, -0.21432697]), 'dH20-C8-H22/dH20': array([-0.2211725 , -0.44701946,  0.76818581]), 'dH20-C8-H22/dC8': array([-0.50179578,  0.96011513, -0.98189466]), 'dH20-C8-H22/dH22': array([ 0.72296829, -0.51309567,  0.21370885]), 'dH21-C8-H22/dH21': array([-0.59800238, -0.42664197,  0.54038721]), 'dH21-C8-H22/dC8': array([1.19612275e+00, 8.52791214e-01, 2.33392617e-04]), 'dH21-C8-H22/dH22': array([-0.59812036, -0.42614924, -0.5406206 ]), 'dC1-C9-H23/dC1': array([-0.10741329, -0.316605  ,  0.56521412]), 'dC1-C9-H23/dC9': array([-0.6482551 ,  0.74573957, -0.84158323]), 'dC1-C9-H23/dH23': array([ 0.7556684 , -0.42913457,  0.27636911]), 'dC1-C9-H24/dC1': array([-0.10732265, -0.31610689, -0.56551006]), 'dC1-C9-H24/dC9': array([-0.64836815,  0.74501   ,  0.84216743]), 'dC1-C9-H24/dH24': array([ 0.7556908 , -0.42890311, -0.27665737]), 'dC1-C9-H25/dC1': array([2.11050489e-01, 6.21852827e-01, 3.11663851e-04]), 'dC1-C9-H25/dC9': array([-1.12080702e+00, -7.22899588e-01, -4.41398965e-04]), 'dC1-C9-H25/dH25': array([9.09756535e-01, 1.01046761e-01, 1.29735114e-04]), 'dH23-C9-H24/dH23': array([-0.60360813, -0.41869921, -0.54029556]), 'dH23-C9-H24/dC9': array([1.20727649e+00, 8.37886770e-01, 4.51075318e-04]), 'dH23-C9-H24/dH24': array([-0.60366836, -0.41918756,  0.53984448]), 'dH23-C9-H25/dH23': array([-0.23529176,  0.85407054,  0.21626926]), 'dH23-C9-H25/dC9': array([ 0.72920956, -0.79885703, -0.9849461 ]), 'dH23-C9-H25/dH25': array([-0.4939178 , -0.05521351,  0.76867685]), 'dH24-C9-H25/dH24': array([-0.23527774,  0.85426228, -0.21551363]), 'dH24-C9-H25/dC9': array([ 0.72911261, -0.79976596,  0.98429493]), 'dH24-C9-H25/dH25': array([-0.49383487, -0.05449631, -0.7687813 ]), 'dC2-C4-C3/dC2': array([-0.03477883, -0.42963048,  0.47355022]), 'dC2-C4-C3/dC4': array([6.96034084e-02, 8.58727865e-01, 4.02789078e-04]), 'dC2-C4-C3/dC3': array([-0.03482457, -0.42909739, -0.47395301]), 'dC2-C4-H12/dC2': array([-0.55251361,  0.24157172, -0.21543801]), 'dC2-C4-H12/dC4': array([0.95439529, 0.20651688, 0.90322726]), 'dC2-C4-H12/dH12': array([-0.40188168, -0.4480886 , -0.68778925]), 'dC2-C4-H13/dC2': array([ 0.58655649,  0.1456519 , -0.21160986]), 'dC2-C4-H13/dC4': array([-0.90645822,  0.36688521,  0.89641943]), 'dC2-C4-H13/dH13': array([ 0.31990173, -0.51253711, -0.68480957]), 'dC3-C4-H12/dC3': array([-0.55240905,  0.24136205,  0.21577157]), 'dC3-C4-H12/dC4': array([ 0.95412689,  0.20748546, -0.90316158]), 'dC3-C4-H12/dH12': array([-0.40171784, -0.44884751,  0.68739001]), 'dC3-C4-H13/dC3': array([0.58651066, 0.14544265, 0.21170842]), 'dC3-C4-H13/dC4': array([-0.90642527,  0.36782386, -0.89596545]), 'dC3-C4-H13/dH13': array([ 0.31991461, -0.51326651,  0.68425704]), 'dH12-C4-H13/dH12': array([6.09886496e-01, 6.80723619e-01, 3.81997890e-04]), 'dH12-C4-H13/dC4': array([-1.26586007e-01, -1.45558873e+00, -8.89201831e-04]), 'dH12-C4-H13/dH13': array([-4.83300489e-01,  7.74865111e-01,  5.07203941e-04]), 'dC2-C5-C7/dC2': array([0.17961434, 0.124311  , 0.6147623 ]), 'dC2-C5-C7/dC5': array([ 0.27949365, -0.47450651, -0.91827811]), 'dC2-C5-C7/dC7': array([-0.45910799,  0.35019551,  0.30351581]), 'dC2-C5-H14/dC2': array([-0.3408312 , -0.52308853, -0.18936659]), 'dC2-C5-H14/dC5': array([1.24051345, 0.36626534, 0.16163703]), 'dC2-C5-H14/dH14': array([-0.89968225,  0.15682319,  0.02772956]), 'dC2-C5-H15/dC2': array([ 0.16706945,  0.42155215, -0.46907228]), 'dC2-C5-H15/dC5': array([ 0.48889308, -1.04807478,  0.55888982]), 'dC2-C5-H15/dH15': array([-0.65596253,  0.62652263, -0.08981754]), 'dC7-C5-H14/dC7': array([ 0.02283125, -0.65183029, -0.0116142 ]), 'dC7-C5-H14/dC5': array([-0.50491214,  0.98528236, -0.68924123]), 'dC7-C5-H14/dH14': array([ 0.48208089, -0.33345206,  0.70085543]), 'dC7-C5-H15/dC7': array([ 0.47893682,  0.30587995, -0.3203059 ]), 'dC7-C5-H15/dC5': array([-1.16820785, -0.44384957, -0.25999961]), 'dC7-C5-H15/dH15': array([0.68927102, 0.13796963, 0.5803055 ]), 'dH14-C5-H15/dH14': array([ 0.45273493,  0.18515666, -0.77171153]), 'dH14-C5-H15/dC5': array([-0.42221467,  0.58257141,  1.2621672 ]), 'dH14-C5-H15/dH15': array([-0.03052026, -0.76772807, -0.49045567]), 'dC3-C6-C7/dC3': array([ 0.17955247,  0.12495603, -0.61462559]), 'dC3-C6-C7/dC6': array([ 0.27964077, -0.47546959,  0.91773993]), 'dC3-C6-C7/dC7': array([-0.45919324,  0.35051356, -0.30311434]), 'dC3-C6-H16/dC3': array([0.16712195, 0.42110708, 0.46942176]), 'dC3-C6-H16/dC6': array([ 0.4889011 , -1.04745329, -0.5598162 ]), 'dC3-C6-H16/dH16': array([-0.65602305,  0.62634621,  0.09039444]), 'dC3-C6-H17/dC3': array([-0.34077868, -0.5232765 ,  0.18886322]), 'dC3-C6-H17/dC6': array([ 1.24042032,  0.36641554, -0.16136294]), 'dC3-C6-H17/dH17': array([-0.89964164,  0.15686096, -0.02750028]), 'dC7-C6-H16/dC7': array([0.4789321 , 0.30571301, 0.32056213]), 'dC7-C6-H16/dC6': array([-1.16808253, -0.44438114,  0.25968765]), 'dC7-C6-H16/dH16': array([ 0.68915043,  0.13866813, -0.58024978]), 'dC7-C6-H17/dC7': array([ 0.02284472, -0.65188627,  0.01090421]), 'dC7-C6-H17/dC6': array([-0.50481846,  0.98462453,  0.69031135]), 'dC7-C6-H17/dH17': array([ 0.48197374, -0.33273826, -0.70121556]), 'dH16-C6-H17/dH16': array([-0.03042682, -0.76812209,  0.48980571]), 'dH16-C6-H17/dC6': array([-0.42227276,  0.58373476, -1.26167429]), 'dH16-C6-H17/dH17': array([0.45269959, 0.18438733, 0.77186858]), 'dC5-C7-C6/dC5': array([-0.54309123, -0.005124  ,  0.36133717]), 'dC5-C7-C6/dC7': array([ 1.08625956e+00,  9.85184100e-03, -3.08026753e-05]), 'dC5-C7-C6/dC6': array([-0.54316834, -0.00472784, -0.36130637]), 'dC5-C7-H18/dC5': array([ 0.26343365,  0.56949253, -0.17838122]), 'dC5-C7-H18/dC7': array([ 0.10075842, -0.81388773,  0.97627055]), 'dC5-C7-H18/dH18': array([-0.36419207,  0.24439521, -0.79788933]), 'dC5-C7-H19/dC5': array([ 0.31534653, -0.53225752, -0.20687529]), 'dC5-C7-H19/dC7': array([3.73606711e-04, 8.00910123e-01, 1.02012523e+00]), 'dC5-C7-H19/dH19': array([-0.31572014, -0.2686526 , -0.81324993]), 'dC6-C7-H18/dC6': array([0.2634423 , 0.56935452, 0.17896948]), 'dC6-C7-H18/dC7': array([ 0.10061958, -0.81296276, -0.97715882]), 'dC6-C7-H18/dH18': array([-0.36406188,  0.24360824,  0.79818935]), 'dC6-C7-H19/dC6': array([ 0.31538981, -0.53252119,  0.20626908]), 'dC6-C7-H19/dC7': array([ 2.37294375e-04,  8.02069803e-01, -1.01925860e+00]), 'dC6-C7-H19/dH19': array([-0.3156271 , -0.26954861,  0.81298952]), 'dH18-C7-H19/dH18': array([ 7.56372605e-01, -5.06845764e-01, -3.38337180e-04]), 'dH18-C7-H19/dC7': array([-1.45103564e+00, -8.53299657e-02,  1.10284731e-04]), 'dH18-C7-H19/dH19': array([6.94663036e-01, 5.92175730e-01, 2.28052449e-04])})
Dihedral angle gradient: {'C1': array([3.09925650e+00, 2.20269898e+00, 3.04811008e-03]), 'C2': array([-0.6360068 ,  1.05922508,  0.19308228]), 'C3': array([-0.63405901,  1.0614373 , -0.19427263]), 'C4': array([2.65325010e+00, 2.81322852e+00, 1.10701700e-03]), 'C5': array([ 0.58766083, -1.53282396,  1.24592911]), 'C6': array([ 0.58707998, -1.53113426, -1.24783801]), 'C7': array([-9.95178608e-01, -3.54616103e+00, -1.88037583e-03]), 'C8': array([-3.87555948e+00,  7.52539495e-02, -9.26969602e-04]), 'C9': array([0.51713677, 1.52372494, 0.00232424]), 'H10': array([ 2.13119121, -3.20045312, -2.01991426]), 'H11': array([ 2.13094746, -3.2029805 ,  2.01655897]), 'H12': array([-2.47158193e+00, -2.75865143e+00, -1.39892772e-03]), 'H13': array([-2.09293517e+00,  3.35555743e+00,  1.78436099e-03]), 'H14': array([-2.15543719,  0.34803655,  0.14585219]), 'H15': array([ 1.75310472, -1.25167555,  0.49801631]), 'H16': array([ 1.75334775, -1.25170168, -0.49886645]), 'H17': array([-2.15548021,  0.34819068, -0.14545016]), 'H18': array([-3.73285112e+00,  2.50138601e+00,  1.44782367e-03]), 'H19': array([3.37469209e+00, 2.87680567e+00, 1.56188285e-03]), 'H20': array([ 1.09744500e-07, -4.00026660e-07,  1.00408979e-03]), 'H21': array([ 0.06245928, -0.00119817, -0.03691623]), 'H22': array([ 0.06080517, -0.00119492,  0.03591971]), 'H23': array([0.01907715, 0.05620298, 0.03510755]), 'H24': array([ 0.01908038,  0.05622682, -0.03505056]), 'H25': array([ 2.06961978e-08,  1.07789909e-07, -2.29084644e-04])}
